<?xml version="1.0" encoding="UTF-8"?>
<!-- Generated by org.testng.reporters.JUnitReportReporter -->
<testsuite hostname="Daniels-MacBook-Pro.local" failures="0" tests="1" name="tests.Dummy" time="2.749" errors="0" timestamp="2021-03-24T16:04:40 CET" skipped="0">
  <testcase classname="tests.Dummy" name="test" time="2.749"/>
  <system-out/>
</testsuite> <!-- tests.Dummy -->
