<?xml version="1.0" encoding="UTF-8"?>
<!-- Generated by org.testng.reporters.JUnitReportReporter -->
<testsuite hostname="Daniels-MacBook-Pro.local" failures="0" tests="1" name="Homework.SearchPage" time="7.290" errors="0" timestamp="2021-03-23T19:43:51 CET" skipped="0">
  <testcase classname="Homework.SearchPage" name="basePageNavigation" time="7.290"/>
  <system-out/>
</testsuite> <!-- Homework.SearchPage -->
