<?xml version="1.0" encoding="UTF-8"?>
<!-- Generated by org.testng.reporters.JUnitReportReporter -->
<testsuite hostname="Daniels-MacBook-Pro.local" failures="0" tests="1" name="tests.ImageSearch" time="5.751" errors="0" timestamp="2021-03-24T00:54:49 CET" skipped="0">
  <testcase classname="tests.ImageSearch" name="imageSearch" time="5.751"/>
  <system-out/>
</testsuite> <!-- tests.ImageSearch -->
